f:\wui3\app\x64\debug\vc143.pdb
f:\wui3\app\x64\debug\vc143.idb
f:\wui3\app\x64\debug\app.obj
f:\wui3\x64\debug\microsoft.windowsappruntime.bootstrap.dll
f:\wui3\x64\debug\app.exe
f:\wui3\app\x64\debug\app.ilk
f:\wui3\x64\debug\app.pdb
f:\wui3\app\x64\debug\app.res
f:\wui3\app\x64\debug\app.vcxproj.cppwinrt_comp.rsp
f:\wui3\app\x64\debug\app.vcxproj.cppwinrt_plat.rsp
f:\wui3\app\x64\debug\app.vcxproj.cppwinrt_ref.rsp
f:\wui3\app\x64\debug\app.vcxproj.mdmerge.rsp
f:\wui3\app\x64\debug\app.vcxproj.midlrt.rsp
f:\wui3\app\x64\debug\app.tlog\cl.command.1.tlog
f:\wui3\app\x64\debug\app.tlog\cl.read.1.tlog
f:\wui3\app\x64\debug\app.tlog\cl.write.1.tlog
f:\wui3\app\x64\debug\app.tlog\copylocal.read.1u.tlog
f:\wui3\app\x64\debug\app.tlog\copylocal.write.1u.tlog
f:\wui3\app\x64\debug\app.tlog\link.command.1.tlog
f:\wui3\app\x64\debug\app.tlog\link.read.1.tlog
f:\wui3\app\x64\debug\app.tlog\link.write.1.tlog
f:\wui3\app\x64\debug\app.tlog\rc.command.1.tlog
f:\wui3\app\x64\debug\app.tlog\rc.read.1.tlog
f:\wui3\app\x64\debug\app.tlog\rc.write.1.tlog
