f:\wui3\wui3\x64\debug\pch.pch
f:\wui3\wui3\x64\debug\vc143.pdb
f:\wui3\wui3\x64\debug\vc143.idb
f:\wui3\wui3\x64\debug\pch.obj
f:\wui3\wui3\x64\debug\mainwindow.xaml.obj
f:\wui3\wui3\x64\debug\xamltypeinfo.impl.g.obj
f:\wui3\wui3\x64\debug\module.g.obj
f:\wui3\wui3\x64\debug\app.xaml.obj
f:\wui3\wui3\x64\debug\mddbootstrapautoinitializer.obj
f:\wui3\wui3\x64\debug\mddbootstrapautoinitializer.asm
f:\wui3\wui3\x64\debug\xamltypeinfo.g.obj
f:\wui3\wui3\x64\debug\xamlmetadataprovider.obj
f:\wui3\x64\debug\wui3\microsoft.windowsappruntime.bootstrap.dll
f:\wui3\x64\debug\wui3\wui3.lib
f:\wui3\x64\debug\wui3\wui3.exp
f:\wui3\wui3\x64\debug\wui3.tlog\wui3.winmd.lastbuild
f:\wui3\wui3\x64\debug\wui3.ilk
f:\wui3\x64\debug\wui3\wui3.exe
f:\wui3\x64\debug\wui3\wui3.pdb
f:\wui3\wui3\x64\debug\unmerged\app.winmd
f:\wui3\wui3\x64\debug\unmerged\mainwindow.winmd
f:\wui3\wui3\x64\debug\unmerged\xamlmetadataprovider.winmd
f:\wui3\wui3\x64\debug\wui3.exe.embed.manifest.res
f:\wui3\wui3\x64\debug\wui3.vcxproj.cppwinrt_comp.rsp
f:\wui3\wui3\x64\debug\wui3.vcxproj.cppwinrt_plat.rsp
f:\wui3\wui3\x64\debug\wui3.vcxproj.cppwinrt_ref.rsp
f:\wui3\wui3\x64\debug\wui3.vcxproj.mdmerge.rsp
f:\wui3\wui3\x64\debug\wui3.vcxproj.midlrt.rsp
f:\wui3\wui3\x64\debug\wui3.exe.embed.manifest
f:\wui3\wui3\x64\debug\wui3_manifest.rc
f:\wui3\wui3\x64\debug\wui3.tlog\cl.command.1.tlog
f:\wui3\wui3\x64\debug\wui3.tlog\cl.read.1.tlog
f:\wui3\wui3\x64\debug\wui3.tlog\cl.write.1.tlog
f:\wui3\wui3\x64\debug\wui3.tlog\copylocal.read.1u.tlog
f:\wui3\wui3\x64\debug\wui3.tlog\copylocal.write.1u.tlog
f:\wui3\wui3\x64\debug\wui3.tlog\link.command.1.tlog
f:\wui3\wui3\x64\debug\wui3.tlog\link.read.1.tlog
f:\wui3\wui3\x64\debug\wui3.tlog\link.write.1.tlog
f:\wui3\wui3\x64\debug\wui3.tlog\link.write.2u.tlog
f:\wui3\wui3\x64\debug\wui3.tlog\midl-midlrt.write.1.tlog
f:\wui3\wui3\x64\debug\wui3.tlog\midl.command.1.tlog
f:\wui3\wui3\x64\debug\wui3.tlog\midl.read.1.tlog
f:\wui3\wui3\x64\debug\wui3.tlog\rc.command.1.tlog
f:\wui3\wui3\x64\debug\wui3.tlog\rc.read.1.tlog
f:\wui3\wui3\x64\debug\wui3.tlog\rc.write.1.tlog
f:\wui3\wui3\x64\debug\wui3.tlog\xaml.read.1u.tlog
f:\wui3\wui3\generated files\app.xaml.g.h
f:\wui3\wui3\generated files\mainwindow.g.h
f:\wui3\wui3\generated files\mainwindow.xaml.g.h
f:\wui3\wui3\generated files\xamlbindinginfo.xaml.g.h
f:\wui3\wui3\generated files\xamlmetadataprovider.g.h
f:\wui3\wui3\generated files\xamltypeinfo.xaml.g.h
f:\wui3\wui3\generated files\mainwindow.g.cpp
f:\wui3\wui3\generated files\module.g.cpp
f:\wui3\wui3\generated files\xamllibmetadataprovider.g.cpp
f:\wui3\wui3\generated files\xamlmetadataprovider.g.cpp
f:\wui3\wui3\generated files\xamltypeinfo.g.cpp
f:\wui3\wui3\generated files\xamltypeinfo.impl.g.cpp
f:\wui3\wui3\generated files\app.xaml
f:\wui3\wui3\generated files\mainwindow.xaml
